TN:
SF:src\App.tsx
FN:10,(anonymous_10)
FN:10,(anonymous_11)
FN:11,(anonymous_12)
FN:11,(anonymous_13)
FN:12,(anonymous_14)
FN:12,(anonymous_15)
FN:13,(anonymous_16)
FN:13,(anonymous_17)
FN:14,(anonymous_18)
FN:14,(anonymous_19)
FN:15,(anonymous_20)
FN:15,(anonymous_21)
FN:16,(anonymous_22)
FN:16,(anonymous_23)
FN:18,App
FN:20,(anonymous_25)
FNF:16
FNH:16
FNDA:1,(anonymous_10)
FNDA:1,(anonymous_11)
FNDA:1,(anonymous_12)
FNDA:1,(anonymous_13)
FNDA:1,(anonymous_14)
FNDA:1,(anonymous_15)
FNDA:1,(anonymous_16)
FNDA:1,(anonymous_17)
FNDA:1,(anonymous_18)
FNDA:1,(anonymous_19)
FNDA:1,(anonymous_20)
FNDA:1,(anonymous_21)
FNDA:1,(anonymous_22)
FNDA:1,(anonymous_23)
FNDA:9,App
FNDA:1,(anonymous_25)
DA:1,1
DA:2,1
DA:3,1
DA:4,1
DA:5,1
DA:6,1
DA:7,1
DA:10,2
DA:11,2
DA:12,2
DA:13,2
DA:14,2
DA:15,2
DA:16,2
DA:20,9
DA:21,1
DA:27,9
DA:97,1
LF:18
LH:18
BRF:0
BRH:0
end_of_record
TN:
SF:src\components\AdminPortal\Dashboard.tsx
FN:6,(anonymous_1)
FN:18,(anonymous_2)
FN:24,(anonymous_3)
FN:26,(anonymous_4)
FN:27,(anonymous_5)
FN:28,(anonymous_6)
FN:29,(anonymous_7)
FN:33,(anonymous_8)
FNF:8
FNH:8
FNDA:14,(anonymous_1)
FNDA:7,(anonymous_2)
FNDA:12,(anonymous_3)
FNDA:30,(anonymous_4)
FNDA:30,(anonymous_5)
FNDA:30,(anonymous_6)
FNDA:30,(anonymous_7)
FNDA:98,(anonymous_8)
DA:1,1
DA:2,1
DA:3,1
DA:4,1
DA:6,1
DA:7,14
DA:8,14
DA:18,14
DA:19,7
DA:20,7
DA:22,7
DA:24,12
DA:26,30
DA:27,30
DA:28,30
DA:29,30
DA:33,14
DA:44,98
DA:61,14
DA:213,1
LF:20
LH:20
BRDA:68,0,0,0
BRDA:68,0,1,14
BRDA:68,1,0,14
BRDA:68,1,1,14
BRDA:138,2,0,6
BRDA:138,2,1,8
BRDA:148,3,0,6
BRDA:148,3,1,8
BRDA:168,4,0,6
BRDA:168,4,1,8
BRDA:180,5,0,6
BRDA:180,5,1,8
BRDA:192,6,0,6
BRDA:192,6,1,8
BRF:14
BRH:13
end_of_record
TN:
SF:src\components\AdminPortal\ManageBooks.tsx
FN:33,(anonymous_1)
FN:54,(anonymous_2)
FN:58,(anonymous_3)
FN:63,(anonymous_4)
FN:79,(anonymous_5)
FN:95,(anonymous_6)
FN:144,(anonymous_7)
FN:149,(anonymous_8)
FN:202,(anonymous_9)
FN:226,(anonymous_10)
FN:268,(anonymous_11)
FN:277,(anonymous_12)
FN:292,(anonymous_13)
FN:302,(anonymous_14)
FN:309,(anonymous_15)
FN:316,(anonymous_16)
FN:324,(anonymous_17)
FN:326,(anonymous_18)
FN:343,(anonymous_19)
FN:353,(anonymous_20)
FN:361,(anonymous_21)
FN:370,(anonymous_22)
FN:377,(anonymous_23)
FN:384,(anonymous_24)
FN:392,(anonymous_25)
FN:400,(anonymous_26)
FNF:26
FNH:24
FNDA:79,(anonymous_1)
FNDA:20,(anonymous_2)
FNDA:24,(anonymous_3)
FNDA:7,(anonymous_4)
FNDA:3,(anonymous_5)
FNDA:6,(anonymous_6)
FNDA:4,(anonymous_7)
FNDA:2,(anonymous_8)
FNDA:117,(anonymous_9)
FNDA:117,(anonymous_10)
FNDA:3,(anonymous_11)
FNDA:4,(anonymous_12)
FNDA:0,(anonymous_13)
FNDA:4,(anonymous_14)
FNDA:3,(anonymous_15)
FNDA:3,(anonymous_16)
FNDA:3,(anonymous_17)
FNDA:316,(anonymous_18)
FNDA:1,(anonymous_19)
FNDA:1,(anonymous_20)
FNDA:1,(anonymous_21)
FNDA:1,(anonymous_22)
FNDA:1,(anonymous_23)
FNDA:1,(anonymous_24)
FNDA:0,(anonymous_25)
FNDA:1,(anonymous_26)
DA:1,1
DA:2,1
DA:27,1
DA:28,1
DA:29,1
DA:30,1
DA:33,1
DA:34,79
DA:35,79
DA:36,79
DA:37,79
DA:38,79
DA:40,79
DA:52,79
DA:54,79
DA:55,20
DA:58,79
DA:59,24
DA:60,24
DA:63,79
DA:64,7
DA:65,7
DA:76,7
DA:79,79
DA:80,3
DA:81,3
DA:92,3
DA:95,79
DA:96,6
DA:97,1
DA:102,1
DA:105,5
DA:106,1
DA:111,1
DA:114,4
DA:115,4
DA:116,2
DA:117,2
DA:118,1
DA:125,2
DA:126,1
DA:133,3
DA:134,3
DA:136,1
DA:144,79
DA:145,4
DA:146,4
DA:149,79
DA:150,2
DA:152,2
DA:153,2
DA:154,1
DA:159,1
DA:161,1
DA:168,2
DA:169,2
DA:172,79
DA:174,79
DA:202,117
DA:227,117
DA:268,3
DA:277,4
DA:292,0
DA:302,4
DA:309,3
DA:316,3
DA:324,3
DA:327,316
DA:343,1
DA:353,1
DA:361,1
DA:370,1
DA:377,1
DA:384,1
DA:392,0
DA:400,1
DA:412,1
LF:77
LH:75
BRDA:89,0,0,3
BRDA:89,0,1,3
BRDA:90,1,0,3
BRDA:90,1,1,0
BRDA:96,2,0,1
BRDA:96,2,1,5
BRDA:96,3,0,6
BRDA:96,3,1,5
BRDA:96,3,2,5
BRDA:96,3,3,5
BRDA:105,4,0,1
BRDA:105,4,1,4
BRDA:115,5,0,2
BRDA:115,5,1,2
BRDA:117,6,0,1
BRDA:117,6,1,1
BRDA:150,7,0,0
BRDA:150,7,1,2
BRDA:153,8,0,1
BRDA:153,8,1,1
BRDA:236,9,0,117
BRDA:236,9,1,1
BRDA:259,10,0,116
BRDA:259,10,1,1
BRDA:294,11,0,6
BRDA:294,11,1,73
BRDA:353,12,0,1
BRDA:353,12,1,0
BRDA:361,13,0,1
BRDA:361,13,1,0
BRDA:377,14,0,1
BRDA:377,14,1,0
BRDA:386,15,0,6
BRDA:386,15,1,73
BRDA:396,16,0,74
BRDA:396,16,1,5
BRDA:396,17,0,79
BRDA:396,17,1,5
BRF:38
BRH:33
end_of_record
TN:
SF:src\components\AdminPortal\ManageRequests.tsx
FN:34,(anonymous_1)
FN:43,(anonymous_2)
FN:47,(anonymous_3)
FN:49,(anonymous_4)
FN:54,(anonymous_5)
FN:61,(anonymous_6)
FN:112,(anonymous_7)
FN:123,(anonymous_8)
FN:131,(anonymous_9)
FN:140,(anonymous_10)
FN:153,(anonymous_11)
FN:165,(anonymous_12)
FN:177,(anonymous_13)
FN:187,(anonymous_14)
FN:197,(anonymous_15)
FN:198,(anonymous_16)
FN:210,(anonymous_17)
FN:237,(anonymous_18)
FN:360,(anonymous_19)
FN:382,(anonymous_20)
FN:391,(anonymous_21)
FNF:21
FNH:20
FNDA:52,(anonymous_1)
FNDA:19,(anonymous_2)
FNDA:22,(anonymous_3)
FNDA:20,(anonymous_4)
FNDA:8,(anonymous_5)
FNDA:4,(anonymous_6)
FNDA:60,(anonymous_7)
FNDA:60,(anonymous_8)
FNDA:4,(anonymous_9)
FNDA:2,(anonymous_10)
FNDA:1,(anonymous_11)
FNDA:1,(anonymous_12)
FNDA:104,(anonymous_13)
FNDA:10,(anonymous_14)
FNDA:260,(anonymous_15)
FNDA:300,(anonymous_16)
FNDA:260,(anonymous_17)
FNDA:60,(anonymous_18)
FNDA:0,(anonymous_19)
FNDA:1,(anonymous_20)
FNDA:1,(anonymous_21)
DA:1,1
DA:2,1
DA:23,1
DA:29,1
DA:30,1
DA:31,1
DA:34,1
DA:35,52
DA:36,52
DA:37,52
DA:38,52
DA:39,52
DA:41,52
DA:43,52
DA:44,19
DA:47,52
DA:48,22
DA:49,22
DA:50,20
DA:54,52
DA:55,8
DA:56,8
DA:57,8
DA:58,8
DA:61,52
DA:62,4
DA:65,4
DA:67,4
DA:69,2
DA:70,2
DA:71,2
DA:73,1
DA:74,1
DA:75,1
DA:77,0
DA:78,0
DA:79,0
DA:81,1
DA:82,1
DA:83,1
DA:86,4
DA:92,4
DA:93,3
DA:98,3
DA:100,1
DA:107,4
DA:108,4
DA:109,4
DA:112,52
DA:113,60
DA:114,27
DA:115,27
DA:116,1
DA:117,4
DA:118,1
DA:119,0
DA:123,52
DA:124,60
DA:126,27
DA:131,4
DA:140,2
DA:149,27
DA:153,1
DA:161,4
DA:165,1
DA:173,2
DA:177,52
DA:178,104
DA:179,90
DA:180,8
DA:181,2
DA:182,4
DA:183,0
DA:187,52
DA:188,10
DA:189,5
DA:190,3
DA:191,1
DA:192,1
DA:193,0
DA:197,52
DA:198,300
DA:200,52
DA:201,52
DA:202,52
DA:203,52
DA:204,52
DA:210,52
DA:211,260
DA:238,60
DA:293,52
DA:360,0
DA:382,1
DA:391,1
DA:408,1
LF:95
LH:88
BRDA:62,0,0,0
BRDA:62,0,1,4
BRDA:67,1,0,2
BRDA:67,1,1,1
BRDA:67,1,2,0
BRDA:67,1,3,1
BRDA:89,2,0,4
BRDA:89,2,1,3
BRDA:92,3,0,3
BRDA:92,3,1,1
BRDA:113,4,0,27
BRDA:113,4,1,27
BRDA:113,4,2,1
BRDA:113,4,3,4
BRDA:113,4,4,1
BRDA:113,4,5,0
BRDA:124,5,0,27
BRDA:124,5,1,27
BRDA:124,5,2,4
BRDA:124,5,3,2
BRDA:178,6,0,90
BRDA:178,6,1,8
BRDA:178,6,2,2
BRDA:178,6,3,4
BRDA:178,6,4,0
BRDA:188,7,0,5
BRDA:188,7,1,3
BRDA:188,7,2,1
BRDA:188,7,3,1
BRDA:188,7,4,0
BRDA:217,8,0,200
BRDA:217,8,1,60
BRDA:272,9,0,60
BRDA:272,9,1,1
BRDA:363,10,0,52
BRDA:363,10,1,10
BRDA:375,11,0,10
BRDA:375,11,1,7
BRDA:375,11,2,6
BRDA:375,11,3,5
BRDA:380,12,0,3
BRDA:380,12,1,2
BRDA:395,13,0,4
BRDA:395,13,1,48
BRDA:396,14,0,52
BRDA:396,14,1,4
BRF:46
BRH:41
end_of_record
TN:
SF:src\components\Auth\Login.tsx
FN:6,(anonymous_7)
FN:21,(anonymous_8)
FN:21,(anonymous_9)
FN:79,(anonymous_10)
FN:98,(anonymous_11)
FNF:5
FNH:5
FNDA:270,(anonymous_7)
FNDA:7,(anonymous_8)
FNDA:7,(anonymous_9)
FNDA:149,(anonymous_10)
FNDA:77,(anonymous_11)
DA:1,1
DA:2,1
DA:3,1
DA:4,1
DA:6,1
DA:7,270
DA:8,270
DA:9,270
DA:10,270
DA:12,270
DA:13,270
DA:16,270
DA:17,10
DA:18,10
DA:21,260
DA:22,7
DA:24,7
DA:25,0
DA:26,0
DA:29,7
DA:30,7
DA:32,7
DA:33,7
DA:35,7
DA:37,5
DA:38,5
DA:39,5
DA:41,2
DA:44,0
DA:46,7
DA:50,260
DA:80,149
DA:81,149
DA:99,77
DA:100,77
DA:130,1
LF:36
LH:33
BRDA:16,0,0,10
BRDA:16,0,1,260
BRDA:17,1,0,2
BRDA:17,1,1,8
BRDA:24,2,0,0
BRDA:24,2,1,7
BRDA:24,3,0,7
BRDA:24,3,1,7
BRDA:35,4,0,5
BRDA:35,4,1,2
BRDA:38,5,0,1
BRDA:38,5,1,4
BRDA:38,6,0,0
BRDA:38,6,1,5
BRDA:38,7,0,5
BRDA:38,7,1,5
BRDA:63,8,0,260
BRDA:63,8,1,2
BRDA:81,9,0,1
BRDA:81,9,1,148
BRDA:100,10,0,0
BRDA:100,10,1,77
BRDA:112,11,0,2
BRDA:112,11,1,258
BRDA:115,12,0,2
BRDA:115,12,1,258
BRF:26
BRH:23
end_of_record
TN:
SF:src\components\EmployeePortal\BookCatalog.tsx
FN:7,(anonymous_0)
FN:23,(anonymous_1)
FN:28,(anonymous_2)
FN:32,(anonymous_3)
FN:36,(anonymous_4)
FN:44,(anonymous_5)
FN:51,(anonymous_6)
FN:56,(anonymous_7)
FN:62,(anonymous_8)
FN:105,(anonymous_9)
FN:110,(anonymous_10)
FN:116,(anonymous_11)
FN:145,(anonymous_12)
FN:153,(anonymous_13)
FN:157,(anonymous_14)
FN:179,(anonymous_15)
FN:245,(anonymous_16)
FN:277,(anonymous_17)
FN:292,(anonymous_18)
FN:360,(anonymous_19)
FNF:20
FNH:20
FNDA:192,(anonymous_0)
FNDA:23,(anonymous_1)
FNDA:386,(anonymous_2)
FNDA:97,(anonymous_3)
FNDA:626,(anonymous_4)
FNDA:25,(anonymous_5)
FNDA:8,(anonymous_6)
FNDA:3,(anonymous_7)
FNDA:5,(anonymous_8)
FNDA:5,(anonymous_9)
FNDA:3,(anonymous_10)
FNDA:1,(anonymous_11)
FNDA:49,(anonymous_12)
FNDA:2,(anonymous_13)
FNDA:324,(anonymous_14)
FNDA:1240,(anonymous_15)
FNDA:8,(anonymous_16)
FNDA:66,(anonymous_17)
FNDA:1,(anonymous_18)
FNDA:5,(anonymous_19)
DA:1,1
DA:2,1
DA:3,1
DA:4,1
DA:7,1
DA:8,192
DA:9,192
DA:10,192
DA:11,192
DA:12,192
DA:13,192
DA:14,192
DA:15,192
DA:16,192
DA:18,192
DA:20,192
DA:21,192
DA:23,192
DA:24,23
DA:25,23
DA:26,23
DA:28,386
DA:29,23
DA:32,192
DA:33,97
DA:35,97
DA:36,49
DA:37,626
DA:43,97
DA:44,25
DA:47,97
DA:48,97
DA:51,192
DA:52,8
DA:53,8
DA:56,192
DA:57,3
DA:58,3
DA:59,3
DA:62,192
DA:63,5
DA:65,4
DA:75,4
DA:76,4
DA:78,3
DA:79,2
DA:84,2
DA:87,2
DA:88,2
DA:91,1
DA:100,192
DA:101,192
DA:102,192
DA:103,192
DA:105,192
DA:106,5
DA:107,5
DA:110,192
DA:111,3
DA:112,3
DA:116,192
DA:117,1
DA:118,1
DA:122,192
DA:145,49
DA:153,2
DA:158,324
DA:180,1240
DA:245,8
DA:279,66
DA:280,66
DA:281,0
DA:282,0
DA:283,0
DA:284,0
DA:286,0
DA:289,66
DA:292,1
DA:360,5
DA:405,1
LF:80
LH:75
BRDA:35,0,0,49
BRDA:35,0,1,48
BRDA:37,1,0,626
BRDA:37,1,1,73
BRDA:37,1,2,73
BRDA:43,2,0,13
BRDA:43,2,1,84
BRDA:63,3,0,1
BRDA:63,3,1,4
BRDA:63,4,0,5
BRDA:63,4,1,4
BRDA:63,4,2,4
BRDA:78,5,0,2
BRDA:78,5,1,1
BRDA:111,6,0,3
BRDA:111,6,1,0
BRDA:117,7,0,1
BRDA:117,7,1,0
BRDA:171,8,0,192
BRDA:171,8,1,30
BRDA:213,9,0,1176
BRDA:213,9,1,64
BRDA:217,10,0,1176
BRDA:217,10,1,64
BRDA:229,11,0,1240
BRDA:229,11,1,1240
BRDA:234,12,0,1176
BRDA:234,12,1,64
BRDA:248,13,0,1176
BRDA:248,13,1,64
BRDA:253,14,0,1176
BRDA:253,14,1,64
BRDA:261,15,0,192
BRDA:261,15,1,30
BRDA:267,16,0,25
BRDA:267,16,1,5
BRDA:279,17,0,66
BRDA:279,17,1,0
BRDA:281,18,0,0
BRDA:281,18,1,0
BRDA:283,19,0,0
BRDA:283,19,1,0
BRDA:294,20,0,30
BRDA:294,20,1,36
BRDA:309,21,0,4
BRDA:309,21,1,26
BRDA:319,22,0,192
BRDA:319,22,1,72
BRDA:332,23,0,192
BRDA:332,23,1,13
BRDA:332,23,2,13
BRDA:390,24,0,5
BRDA:390,24,1,8
BRDA:395,25,0,5
BRDA:395,25,1,8
BRF:55
BRH:48
end_of_record
TN:
SF:src\components\EmployeePortal\Dashboard.tsx
FN:8,(anonymous_1)
FN:18,(anonymous_2)
FN:24,(anonymous_3)
FN:26,(anonymous_4)
FN:27,(anonymous_5)
FN:32,(anonymous_6)
FN:125,(anonymous_7)
FN:140,(anonymous_8)
FNF:8
FNH:8
FNDA:35,(anonymous_1)
FNDA:17,(anonymous_2)
FNDA:32,(anonymous_3)
FNDA:33,(anonymous_4)
FNDA:33,(anonymous_5)
FNDA:140,(anonymous_6)
FNDA:1,(anonymous_7)
FNDA:1,(anonymous_8)
DA:1,1
DA:2,1
DA:3,1
DA:4,1
DA:5,1
DA:8,1
DA:9,35
DA:10,35
DA:11,35
DA:18,35
DA:19,17
DA:20,16
DA:21,16
DA:23,16
DA:24,32
DA:26,33
DA:27,33
DA:32,35
DA:45,140
DA:63,35
DA:125,1
DA:140,1
DA:151,1
LF:23
LH:23
BRDA:19,0,0,16
BRDA:19,0,1,1
BRDA:67,1,0,1
BRDA:67,1,1,34
BRDA:67,2,0,35
BRDA:67,2,1,34
BRDA:70,3,0,1
BRDA:70,3,1,34
BRDA:70,4,0,35
BRDA:70,4,1,34
BRF:10
BRH:10
end_of_record
TN:
SF:src\components\EmployeePortal\ModernBookSlideshow.tsx
FN:7,(anonymous_7)
FN:25,(anonymous_8)
FN:34,(anonymous_9)
FN:38,(anonymous_10)
FN:40,(anonymous_11)
FN:50,(anonymous_12)
FN:53,(anonymous_13)
FN:54,(anonymous_14)
FN:71,(anonymous_15)
FN:75,(anonymous_16)
FN:83,(anonymous_17)
FN:83,(anonymous_18)
FN:111,(anonymous_19)
FN:136,(anonymous_20)
FN:143,(anonymous_21)
FN:144,(anonymous_22)
FN:160,(anonymous_23)
FN:161,(anonymous_24)
FN:202,(anonymous_25)
FN:247,(anonymous_26)
FN:258,(anonymous_27)
FN:270,(anonymous_28)
FN:309,(anonymous_29)
FN:336,(anonymous_30)
FNF:24
FNH:19
FNDA:24,(anonymous_7)
FNDA:8,(anonymous_8)
FNDA:8,(anonymous_9)
FNDA:8,(anonymous_10)
FNDA:14,(anonymous_11)
FNDA:22,(anonymous_12)
FNDA:0,(anonymous_13)
FNDA:0,(anonymous_14)
FNDA:9,(anonymous_15)
FNDA:4,(anonymous_16)
FNDA:1,(anonymous_17)
FNDA:1,(anonymous_18)
FNDA:2,(anonymous_19)
FNDA:2,(anonymous_20)
FNDA:1,(anonymous_21)
FNDA:1,(anonymous_22)
FNDA:1,(anonymous_23)
FNDA:1,(anonymous_24)
FNDA:0,(anonymous_25)
FNDA:4,(anonymous_26)
FNDA:1,(anonymous_27)
FNDA:1,(anonymous_28)
FNDA:0,(anonymous_29)
FNDA:0,(anonymous_30)
DA:1,1
DA:2,1
DA:3,1
DA:4,1
DA:7,1
DA:8,24
DA:9,24
DA:11,24
DA:12,24
DA:13,24
DA:14,24
DA:15,24
DA:16,24
DA:17,24
DA:18,24
DA:19,24
DA:21,24
DA:22,24
DA:25,24
DA:26,8
DA:27,8
DA:29,8
DA:30,8
DA:31,8
DA:34,8
DA:38,24
DA:39,8
DA:40,14
DA:41,8
DA:43,8
DA:44,7
DA:45,7
DA:50,24
DA:51,22
DA:53,9
DA:54,0
DA:55,0
DA:57,0
DA:59,0
DA:60,0
DA:62,0
DA:63,0
DA:64,0
DA:67,0
DA:71,9
DA:75,24
DA:76,4
DA:77,4
DA:78,4
DA:79,4
DA:83,24
DA:84,1
DA:86,1
DA:87,1
DA:88,1
DA:89,1
DA:91,1
DA:101,1
DA:102,1
DA:107,1
DA:110,1
DA:111,2
DA:112,1
DA:114,1
DA:115,1
DA:116,1
DA:119,0
DA:126,0
DA:132,1
DA:136,24
DA:137,2
DA:138,2
DA:139,2
DA:140,2
DA:143,24
DA:144,1
DA:145,1
DA:147,1
DA:148,0
DA:149,0
DA:151,0
DA:152,0
DA:153,0
DA:156,1
DA:160,24
DA:161,1
DA:162,1
DA:163,0
DA:164,0
DA:165,0
DA:166,0
DA:167,0
DA:169,1
DA:173,24
DA:175,24
DA:176,9
DA:183,15
DA:203,0
DA:204,0
DA:247,4
DA:259,1
DA:260,1
DA:271,1
DA:272,1
DA:310,0
DA:311,0
DA:336,0
DA:373,1
LF:108
LH:82
BRDA:43,0,0,7
BRDA:43,0,1,1
BRDA:51,1,0,13
BRDA:51,1,1,9
BRDA:51,2,0,22
BRDA:51,2,1,18
BRDA:57,3,0,0
BRDA:57,3,1,0
BRDA:84,4,0,0
BRDA:84,4,1,1
BRDA:84,5,0,1
BRDA:84,5,1,1
BRDA:101,6,0,1
BRDA:101,6,1,0
BRDA:114,7,0,1
BRDA:114,7,1,0
BRDA:147,8,0,0
BRDA:147,8,1,1
BRDA:162,9,0,0
BRDA:162,9,1,1
BRDA:164,10,0,0
BRDA:164,10,1,0
BRDA:166,11,0,0
BRDA:166,11,1,0
BRDA:175,12,0,9
BRDA:175,12,1,15
BRDA:199,13,0,15
BRDA:199,13,1,0
BRDA:210,14,0,15
BRDA:210,14,1,0
BRDA:214,15,0,15
BRDA:214,15,1,0
BRDA:235,16,0,15
BRDA:235,16,1,15
BRDA:290,17,0,15
BRDA:290,17,1,4
BRDA:290,17,2,4
BRDA:306,18,0,4
BRDA:306,18,1,0
BRDA:319,19,0,4
BRDA:319,19,1,0
BRDA:323,20,0,4
BRDA:323,20,1,0
BRDA:354,21,0,4
BRDA:354,21,1,4
BRDA:356,22,0,0
BRDA:356,22,1,4
BRDA:358,23,0,0
BRDA:358,23,1,4
BRDA:363,24,0,0
BRDA:363,24,1,4
BRDA:363,25,0,0
BRDA:363,25,1,4
BRF:53
BRH:32
end_of_record
TN:
SF:src\components\EmployeePortal\RequestHistory.tsx
FN:21,(anonymous_0)
FN:25,(anonymous_1)
FN:28,(anonymous_2)
FN:34,(anonymous_3)
FN:45,(anonymous_4)
FN:56,(anonymous_5)
FN:57,(anonymous_6)
FN:58,(anonymous_7)
FN:59,(anonymous_8)
FN:168,(anonymous_9)
FNF:10
FNH:10
FNDA:40,(anonymous_0)
FNDA:21,(anonymous_1)
FNDA:18,(anonymous_2)
FNDA:33,(anonymous_3)
FNDA:33,(anonymous_4)
FNDA:33,(anonymous_5)
FNDA:33,(anonymous_6)
FNDA:33,(anonymous_7)
FNDA:33,(anonymous_8)
FNDA:33,(anonymous_9)
DA:1,1
DA:2,1
DA:17,1
DA:18,1
DA:21,1
DA:22,40
DA:23,40
DA:25,40
DA:26,21
DA:27,19
DA:28,19
DA:29,18
DA:34,40
DA:35,33
DA:36,18
DA:37,4
DA:38,2
DA:39,3
DA:40,5
DA:41,1
DA:45,40
DA:46,33
DA:47,18
DA:48,4
DA:49,2
DA:50,3
DA:51,5
DA:52,1
DA:56,40
DA:57,40
DA:58,40
DA:59,40
DA:61,40
DA:169,33
DA:225,1
LF:35
LH:35
BRDA:26,0,0,19
BRDA:26,0,1,2
BRDA:35,1,0,18
BRDA:35,1,1,4
BRDA:35,1,2,2
BRDA:35,1,3,3
BRDA:35,1,4,5
BRDA:35,1,5,1
BRDA:46,2,0,18
BRDA:46,2,1,4
BRDA:46,2,2,2
BRDA:46,2,3,3
BRDA:46,2,4,5
BRDA:46,2,5,1
BRDA:146,3,0,23
BRDA:146,3,1,17
BRDA:199,4,0,33
BRDA:199,4,1,2
BRDA:204,5,0,33
BRDA:204,5,1,2
BRDA:209,6,0,33
BRDA:209,6,1,2
BRF:22
BRH:22
end_of_record
TN:
SF:src\components\common\Navbar.tsx
FN:4,(anonymous_0)
FN:9,(anonymous_1)
FN:40,(anonymous_2)
FN:46,(anonymous_3)
FN:52,(anonymous_4)
FN:63,(anonymous_5)
FN:69,(anonymous_6)
FN:75,(anonymous_7)
FN:123,(anonymous_8)
FN:129,(anonymous_9)
FN:135,(anonymous_10)
FN:146,(anonymous_11)
FN:152,(anonymous_12)
FN:158,(anonymous_13)
FNF:14
FNH:10
FNDA:56,(anonymous_0)
FNDA:2,(anonymous_1)
FNDA:1,(anonymous_2)
FNDA:1,(anonymous_3)
FNDA:1,(anonymous_4)
FNDA:1,(anonymous_5)
FNDA:1,(anonymous_6)
FNDA:1,(anonymous_7)
FNDA:1,(anonymous_8)
FNDA:0,(anonymous_9)
FNDA:0,(anonymous_10)
FNDA:0,(anonymous_11)
FNDA:1,(anonymous_12)
FNDA:0,(anonymous_13)
DA:1,1
DA:2,1
DA:4,1
DA:5,56
DA:6,56
DA:7,56
DA:9,56
DA:10,2
DA:11,2
DA:14,56
DA:15,31
DA:18,25
DA:40,1
DA:46,1
DA:52,1
DA:63,1
DA:69,1
DA:75,1
DA:123,1
DA:129,0
DA:135,0
DA:146,0
DA:152,1
DA:158,0
DA:171,1
LF:25
LH:21
BRDA:14,0,0,31
BRDA:14,0,1,25
BRDA:14,1,0,56
BRDA:14,1,1,25
BRDA:30,2,0,8
BRDA:30,2,1,17
BRDA:37,3,0,25
BRDA:37,3,1,17
BRDA:41,4,0,13
BRDA:41,4,1,4
BRDA:47,5,0,0
BRDA:47,5,1,17
BRDA:53,6,0,0
BRDA:53,6,1,17
BRDA:60,7,0,25
BRDA:60,7,1,8
BRDA:64,8,0,0
BRDA:64,8,1,8
BRDA:70,9,0,2
BRDA:70,9,1,6
BRDA:76,10,0,0
BRDA:76,10,1,8
BRDA:120,11,0,25
BRDA:120,11,1,17
BRDA:124,12,0,13
BRDA:124,12,1,4
BRDA:130,13,0,0
BRDA:130,13,1,17
BRDA:136,14,0,0
BRDA:136,14,1,17
BRDA:143,15,0,25
BRDA:143,15,1,8
BRDA:147,16,0,0
BRDA:147,16,1,8
BRDA:153,17,0,2
BRDA:153,17,1,6
BRDA:159,18,0,0
BRDA:159,18,1,8
BRF:38
BRH:30
end_of_record
TN:
SF:src\components\common\NotificationList.tsx
FN:4,(anonymous_0)
FN:19,(anonymous_1)
FN:24,(anonymous_2)
FN:28,(anonymous_3)
FNF:4
FNH:3
FNDA:12,(anonymous_0)
FNDA:20,(anonymous_1)
FNDA:0,(anonymous_2)
FNDA:1,(anonymous_3)
DA:1,1
DA:2,1
DA:4,1
DA:5,12
DA:7,12
DA:20,20
DA:24,0
DA:28,1
DA:42,1
LF:9
LH:8
BRF:0
BRH:0
end_of_record
TN:
SF:src\components\common\ProtectedRoute.tsx
FN:11,(anonymous_0)
FNF:1
FNH:1
FNDA:5,(anonymous_0)
DA:2,1
DA:3,1
DA:4,1
DA:11,1
DA:12,5
DA:14,5
DA:15,0
DA:22,5
DA:23,2
DA:26,3
DA:27,1
DA:28,1
DA:31,2
DA:34,1
LF:14
LH:13
BRDA:14,0,0,0
BRDA:14,0,1,5
BRDA:22,1,0,2
BRDA:22,1,1,3
BRDA:26,2,0,1
BRDA:26,2,1,2
BRDA:26,3,0,3
BRDA:26,3,1,2
BRDA:27,4,0,0
BRDA:27,4,1,1
BRF:10
BRH:8
end_of_record
TN:
SF:src\components\common\QuickActions.tsx
FN:3,(anonymous_0)
FN:14,(anonymous_1)
FN:23,(anonymous_2)
FN:32,(anonymous_3)
FNF:4
FNH:4
FNDA:24,(anonymous_0)
FNDA:1,(anonymous_1)
FNDA:1,(anonymous_2)
FNDA:1,(anonymous_3)
DA:1,2
DA:3,2
DA:4,24
DA:6,24
DA:14,1
DA:23,1
DA:32,1
DA:44,2
LF:8
LH:8
BRF:0
BRH:0
end_of_record
TN:
SF:src\contexts\AuthContext.tsx
FN:12,(anonymous_7)
FN:24,(anonymous_8)
FN:28,(anonymous_9)
FN:42,(anonymous_10)
FN:42,(anonymous_11)
FN:59,(anonymous_12)
FNF:6
FNH:6
FNDA:658,(anonymous_7)
FNDA:129,(anonymous_8)
FNDA:57,(anonymous_9)
FNDA:12,(anonymous_10)
FNDA:12,(anonymous_11)
FNDA:3,(anonymous_12)
DA:1,11
DA:4,11
DA:6,11
DA:9,11
DA:12,11
DA:13,658
DA:14,657
DA:15,2
DA:17,655
DA:24,11
DA:25,129
DA:26,129
DA:28,129
DA:30,57
DA:31,57
DA:32,28
DA:33,28
DA:36,1
DA:39,57
DA:42,129
DA:43,12
DA:46,12
DA:48,12
DA:49,8
DA:50,8
DA:51,8
DA:52,8
DA:55,4
DA:56,4
DA:59,129
DA:60,3
DA:61,3
DA:64,129
DA:71,129
LF:34
LH:34
BRDA:14,0,0,2
BRDA:14,0,1,655
BRDA:31,1,0,28
BRDA:31,1,1,29
BRDA:48,2,0,8
BRDA:48,2,1,4
BRDA:48,3,0,12
BRDA:48,3,1,9
BRF:8
BRH:8
end_of_record
TN:
SF:src\contexts\NotificationContext.tsx
FN:11,useNotification
FN:25,(anonymous_1)
FN:29,(anonymous_2)
FN:35,(anonymous_3)
FN:36,(anonymous_4)
FN:39,(anonymous_5)
FN:44,(anonymous_6)
FN:45,(anonymous_7)
FN:45,(anonymous_8)
FNF:9
FNH:8
FNDA:374,useNotification
FNDA:59,(anonymous_1)
FNDA:7,(anonymous_2)
FNDA:7,(anonymous_3)
FNDA:7,(anonymous_4)
FNDA:0,(anonymous_5)
FNDA:1,(anonymous_6)
FNDA:1,(anonymous_7)
FNDA:1,(anonymous_8)
DA:1,13
DA:5,13
DA:8,13
DA:12,374
DA:13,373
DA:14,2
DA:16,371
DA:19,13
DA:25,13
DA:26,59
DA:27,59
DA:29,59
DA:30,7
DA:35,7
DA:36,7
DA:39,7
DA:40,0
DA:44,59
DA:45,1
DA:48,59
DA:54,59
LF:21
LH:20
BRDA:13,0,0,2
BRDA:13,0,1,371
BRF:2
BRH:2
end_of_record
TN:
SF:src\services\dataService.ts
FN:16,(anonymous_1)
FN:20,(anonymous_2)
FN:21,(anonymous_3)
FN:24,(anonymous_4)
FN:25,(anonymous_5)
FN:37,(anonymous_6)
FN:38,(anonymous_7)
FN:41,(anonymous_8)
FN:42,(anonymous_9)
FN:46,(anonymous_10)
FN:47,(anonymous_11)
FN:55,(anonymous_12)
FN:64,(anonymous_13)
FN:65,(anonymous_14)
FN:74,(anonymous_15)
FN:78,(anonymous_16)
FN:79,(anonymous_17)
FN:82,(anonymous_18)
FN:94,(anonymous_19)
FN:99,(anonymous_20)
FN:127,(anonymous_21)
FN:128,(anonymous_22)
FN:132,(anonymous_23)
FN:134,(anonymous_24)
FN:135,(anonymous_25)
FN:136,(anonymous_26)
FN:137,(anonymous_27)
FN:143,(anonymous_28)
FN:147,(anonymous_29)
FN:148,(anonymous_30)
FNF:30
FNH:30
FNDA:11,(anonymous_1)
FNDA:21,(anonymous_2)
FNDA:32,(anonymous_3)
FNDA:7,(anonymous_4)
FNDA:214,(anonymous_5)
FNDA:2,(anonymous_6)
FNDA:203,(anonymous_7)
FNDA:1,(anonymous_8)
FNDA:4,(anonymous_9)
FNDA:6,(anonymous_10)
FNDA:9,(anonymous_11)
FNDA:2,(anonymous_12)
FNDA:2,(anonymous_13)
FNDA:4,(anonymous_14)
FNDA:10,(anonymous_15)
FNDA:2,(anonymous_16)
FNDA:2,(anonymous_17)
FNDA:4,(anonymous_18)
FNDA:11,(anonymous_19)
FNDA:29,(anonymous_20)
FNDA:1,(anonymous_21)
FNDA:3,(anonymous_22)
FNDA:1,(anonymous_23)
FNDA:5,(anonymous_24)
FNDA:5,(anonymous_25)
FNDA:5,(anonymous_26)
FNDA:5,(anonymous_27)
FNDA:2,(anonymous_28)
FNDA:2,(anonymous_29)
FNDA:3,(anonymous_30)
DA:2,12
DA:3,12
DA:4,12
DA:7,12
DA:8,12
DA:9,12
DA:11,12
DA:12,12
DA:13,12
DA:17,11
DA:21,32
DA:25,7
DA:26,214
DA:31,214
DA:33,214
DA:38,203
DA:42,4
DA:43,1
DA:47,9
DA:48,6
DA:49,5
DA:50,5
DA:52,1
DA:56,2
DA:60,2
DA:61,2
DA:65,4
DA:66,2
DA:67,1
DA:68,1
DA:70,1
DA:75,10
DA:79,2
DA:83,4
DA:90,4
DA:91,4
DA:99,29
DA:100,11
DA:101,10
DA:110,10
DA:111,6
DA:112,6
DA:113,1
DA:115,4
DA:116,3
DA:117,3
DA:118,2
DA:122,10
DA:124,1
DA:128,3
DA:129,1
DA:133,1
DA:134,5
DA:135,5
DA:136,5
DA:137,5
DA:139,1
DA:144,2
DA:148,3
LF:59
LH:59
BRDA:26,0,0,214
BRDA:26,0,1,209
BRDA:26,0,2,203
BRDA:26,0,3,202
BRDA:26,0,4,202
BRDA:31,1,0,214
BRDA:31,1,1,5
BRDA:33,2,0,214
BRDA:33,2,1,13
BRDA:41,3,0,0
BRDA:48,4,0,5
BRDA:48,4,1,1
BRDA:66,5,0,1
BRDA:66,5,1,1
BRDA:100,6,0,10
BRDA:100,6,1,1
BRDA:105,7,0,10
BRDA:105,7,1,1
BRDA:106,8,0,10
BRDA:106,8,1,3
BRDA:110,9,0,6
BRDA:110,9,1,4
BRDA:112,10,0,1
BRDA:112,10,1,5
BRDA:112,11,0,6
BRDA:112,11,1,3
BRDA:115,12,0,3
BRDA:115,12,1,1
BRDA:117,13,0,2
BRDA:117,13,1,1
BRF:30
BRH:29
end_of_record
